<?xml version="1.0" encoding="UTF-8"?>
<!-- Generated by org.testng.reporters.JUnitReportReporter -->
<testsuite hostname="LAPTOP-66KSTJD3" name="com.selenium.testScripts.TestScript" tests="31" failures="0" timestamp="20 Jun 2020 14:16:29 GMT" time="666.642" errors="1">
  <testcase name="searchBoxValidation" time="6.538" classname="com.selenium.testScripts.TestScript"/>
  <testcase name="validLoginCredentialsValidation" time="44.898" classname="com.selenium.testScripts.TestScript"/>
  <testcase name="navigateUsingSuggestionsResultPageAssertion" time="9.030" classname="com.selenium.testScripts.TestScript"/>
  <testcase name="storageTypeFilterValidation" time="16.516" classname="com.selenium.testScripts.TestScript"/>
  <testcase name="loginIconValidation" time="96.789" classname="com.selenium.testScripts.TestScript">
    <error type="org.openqa.selenium.TimeoutException" message="Expected condition failed: waiting for visibility of element located by By.partialLinkText: Close (tried for 60 second(s) with 500 milliseconds interval)">
      <![CDATA[org.openqa.selenium.TimeoutException: Expected condition failed: waiting for visibility of element located by By.partialLinkText: Close (tried for 60 second(s) with 500 milliseconds interval)
	at org.openqa.selenium.support.ui.WebDriverWait.timeoutException(WebDriverWait.java:95)
	at org.openqa.selenium.support.ui.FluentWait.until(FluentWait.java:272)
	at com.selenium.utilities.HandlingAlerts.popup(HandlingAlerts.java:14)
	at com.selenium.main.MainClass.closePopup(MainClass.java:74)
	at com.selenium.testScripts.TestScript.loginIconValidation(TestScript.java:150)
	at sun.reflect.NativeMethodAccessorImpl.invoke0(Native Method)
	at sun.reflect.NativeMethodAccessorImpl.invoke(Unknown Source)
	at sun.reflect.DelegatingMethodAccessorImpl.invoke(Unknown Source)
	at java.lang.reflect.Method.invoke(Unknown Source)
	at org.testng.internal.MethodInvocationHelper.invokeMethod(MethodInvocationHelper.java:85)
	at org.testng.internal.Invoker.invokeMethod(Invoker.java:639)
	at org.testng.internal.Invoker.invokeTestMethod(Invoker.java:816)
	at org.testng.internal.Invoker.invokeTestMethods(Invoker.java:1124)
	at org.testng.internal.TestMethodWorker.invokeTestMethods(TestMethodWorker.java:125)
	at org.testng.internal.TestMethodWorker.run(TestMethodWorker.java:108)
	at org.testng.TestRunner.privateRun(TestRunner.java:774)
	at org.testng.TestRunner.run(TestRunner.java:624)
	at org.testng.SuiteRunner.runTest(SuiteRunner.java:359)
	at org.testng.SuiteRunner.runSequentially(SuiteRunner.java:354)
	at org.testng.SuiteRunner.privateRun(SuiteRunner.java:312)
	at org.testng.SuiteRunner.run(SuiteRunner.java:261)
	at org.testng.SuiteRunnerWorker.runSuite(SuiteRunnerWorker.java:52)
	at org.testng.SuiteRunnerWorker.run(SuiteRunnerWorker.java:86)
	at org.testng.TestNG.runSuitesSequentially(TestNG.java:1215)
	at org.testng.TestNG.runSuitesLocally(TestNG.java:1140)
	at org.testng.TestNG.run(TestNG.java:1048)
	at org.apache.maven.surefire.testng.TestNGExecutor.run(TestNGExecutor.java:281)
	at org.apache.maven.surefire.testng.TestNGXmlTestSuite.execute(TestNGXmlTestSuite.java:75)
	at org.apache.maven.surefire.testng.TestNGProvider.invoke(TestNGProvider.java:121)
	at org.apache.maven.surefire.booter.ForkedBooter.invokeProviderInSameClassLoader(ForkedBooter.java:290)
	at org.apache.maven.surefire.booter.ForkedBooter.runSuitesInProcess(ForkedBooter.java:242)
	at org.apache.maven.surefire.booter.ForkedBooter.main(ForkedBooter.java:121)
Caused by: org.openqa.selenium.NoSuchElementException: no such element: Unable to locate element: {"method":"partial link text","selector":"Close"}
  (Session info: chrome=83.0.4103.106)
For documentation on this error, please visit: https://www.seleniumhq.org/exceptions/no_such_element.html
Build info: version: '3.141.59', revision: 'e82be7d358', time: '2018-11-14T08:17:03'
System info: host: 'LAPTOP-66KSTJD3', ip: '192.168.0.105', os.name: 'Windows 10', os.arch: 'amd64', os.version: '10.0', java.version: '1.8.0_251'
Driver info: org.openqa.selenium.chrome.ChromeDriver
Capabilities {acceptInsecureCerts: false, browserName: chrome, browserVersion: 83.0.4103.106, chrome: {chromedriverVersion: 83.0.4103.39 (ccbf011cb2d2b..., userDataDir: C:\Users\Sathya\AppData\Loc...}, goog:chromeOptions: {debuggerAddress: localhost:49590}, javascriptEnabled: true, networkConnectionEnabled: false, pageLoadStrategy: normal, platform: WINDOWS, platformName: WINDOWS, proxy: Proxy(), setWindowRect: true, strictFileInteractability: false, timeouts: {implicit: 0, pageLoad: 300000, script: 30000}, unhandledPromptBehavior: dismiss and notify, webauthn:virtualAuthenticators: true}
Session ID: 8ae2e833d75a1304532bbb632b96a4a1
*** Element info: {Using=partial link text, value=Close}
	at sun.reflect.NativeConstructorAccessorImpl.newInstance0(Native Method)
	at sun.reflect.NativeConstructorAccessorImpl.newInstance(Unknown Source)
	at sun.reflect.DelegatingConstructorAccessorImpl.newInstance(Unknown Source)
	at java.lang.reflect.Constructor.newInstance(Unknown Source)
	at org.openqa.selenium.remote.http.W3CHttpResponseCodec.createException(W3CHttpResponseCodec.java:187)
	at org.openqa.selenium.remote.http.W3CHttpResponseCodec.decode(W3CHttpResponseCodec.java:122)
	at org.openqa.selenium.remote.http.W3CHttpResponseCodec.decode(W3CHttpResponseCodec.java:49)
	at org.openqa.selenium.remote.HttpCommandExecutor.execute(HttpCommandExecutor.java:158)
	at org.openqa.selenium.remote.service.DriverCommandExecutor.execute(DriverCommandExecutor.java:83)
	at org.openqa.selenium.remote.RemoteWebDriver.execute(RemoteWebDriver.java:552)
	at org.openqa.selenium.remote.RemoteWebDriver.findElement(RemoteWebDriver.java:323)
	at org.openqa.selenium.remote.RemoteWebDriver.findElementByPartialLinkText(RemoteWebDriver.java:388)
	at org.openqa.selenium.By$ByPartialLinkText.findElement(By.java:250)
	at org.openqa.selenium.remote.RemoteWebDriver.findElement(RemoteWebDriver.java:315)
	at org.openqa.selenium.support.ui.ExpectedConditions$7.apply(ExpectedConditions.java:205)
	at org.openqa.selenium.support.ui.ExpectedConditions$7.apply(ExpectedConditions.java:201)
	at org.openqa.selenium.support.ui.FluentWait.until(FluentWait.java:249)
	... 30 more
]]>
    </error>
  </testcase> <!-- loginIconValidation -->
  <testcase name="giftCardsFormValidation" time="19.053" classname="com.selenium.testScripts.TestScript"/>
  <testcase name="searchBoxValidation" time="7.573" classname="com.selenium.testScripts.TestScript"/>
  <testcase name="chosenDateAssertion" time="16.226" classname="com.selenium.testScripts.TestScript"/>
  <testcase name="sortByFilterValidation" time="13.184" classname="com.selenium.testScripts.TestScript"/>
  <testcase name="giftCardsCalendarAssertion" time="16.048" classname="com.selenium.testScripts.TestScript"/>
  <testcase name="getBeingatHomeCollectionsList" time="11.001" classname="com.selenium.testScripts.TestScript"/>
  <testcase name="urlValidation" time="6.476" classname="com.selenium.testScripts.TestScript"/>
  <testcase name="loginIconValidation" time="33.294" classname="com.selenium.testScripts.TestScript"/>
  <testcase name="priceFilterValidation" time="15.307" classname="com.selenium.testScripts.TestScript"/>
  <testcase name="validLoginCredentialsValidation" time="45.452" classname="com.selenium.testScripts.TestScript"/>
  <testcase name="getBookshelvesNameAndPrice" time="27.179" classname="com.selenium.testScripts.TestScript"/>
  <testcase name="giftCardsFormValidation" time="17.373" classname="com.selenium.testScripts.TestScript"/>
  <testcase name="invalidDataSearchBoxValidation" time="8.657" classname="com.selenium.testScripts.TestScript"/>
  <testcase name="getStudyChairsNameAndPrice" time="17.992" classname="com.selenium.testScripts.TestScript"/>
  <testcase name="navigationUsingSuggestionsValidation" time="13.506" classname="com.selenium.testScripts.TestScript"/>
  <testcase name="invalidEmailLoginErrorMessageValidation" time="39.224" classname="com.selenium.testScripts.TestScript"/>
  <testcase name="getStudyChairsNameAndPrice" time="16.295" classname="com.selenium.testScripts.TestScript"/>
  <testcase name="invalidPasswordloginErrorMessageValidation" time="40.224" classname="com.selenium.testScripts.TestScript"/>
  <testcase name="urlValidation" time="6.594" classname="com.selenium.testScripts.TestScript"/>
  <testcase name="navigationUsingSearchIconValidation" time="10.530" classname="com.selenium.testScripts.TestScript"/>
  <testcase name="giftCardsLinkTextNavigationValidation" time="10.665" classname="com.selenium.testScripts.TestScript"/>
  <testcase name="navigationUsingSeacrhIconResultsPageAssertion" time="11.716" classname="com.selenium.testScripts.TestScript"/>
  <testcase name="getBookshelvesNameAndPrice" time="27.560" classname="com.selenium.testScripts.TestScript"/>
  <testcase name="excludeOutOfStockFilterValidation" time="18.919" classname="com.selenium.testScripts.TestScript"/>
  <testcase name="chosenOccasionAssertion" time="10.011" classname="com.selenium.testScripts.TestScript"/>
  <testcase name="loginIconValidation" time="32.812" classname="com.selenium.testScripts.TestScript"/>
</testsuite> <!-- com.selenium.testScripts.TestScript -->
